-------------------------------------------------------------------------------
Test set: org.springframework.samples.microservicechasis.MicroserviceChasisApplicationTests
-------------------------------------------------------------------------------
Tests run: 1, Failures: 0, Errors: 1, Skipped: 0, Time elapsed: 0.399 s <<< FAILURE! - in org.springframework.samples.microservicechasis.MicroserviceChasisApplicationTests
org.springframework.samples.microservicechasis.MicroserviceChasisApplicationTests  Time elapsed: 0.397 s  <<< ERROR!
java.lang.IllegalStateException: Unable to find a @SpringBootConfiguration, you need to use @ContextConfiguration or @SpringBootTest(classes=...) with your test

